<?xml version="1.0" encoding="UTF-8"?>
<!-- Generated by org.testng.reporters.JUnitReportReporter -->
<testsuite hostname="LAPTOP-QFSEE7HF" failures="0" tests="4" name="testNGframeworks.I_TestNG_TestCases_Execution_XML" time="29.593" errors="0" timestamp="2025-08-26T18:14:20 IST" skipped="0">
  <testcase classname="testNGframeworks.I_TestNG_TestCases_Execution_XML" name="selenium" time="8.523"/>
  <testcase classname="testNGframeworks.I_TestNG_TestCases_Execution_XML" name="techlearn" time="15.775"/>
  <testcase classname="testNGframeworks.I_TestNG_TestCases_Execution_XML" name="swiggy" time="2.288"/>
  <testcase classname="testNGframeworks.I_TestNG_TestCases_Execution_XML" name="bugzilla" time="3.007"/>
</testsuite> <!-- testNGframeworks.I_TestNG_TestCases_Execution_XML -->
