<?xml version="1.0" encoding="UTF-8"?>
<!-- Generated by org.testng.reporters.JUnitReportReporter -->
<testsuite hostname="LAPTOP-QFSEE7HF" failures="0" tests="1" name="tAbsandWindows.NewTabsSwitches" time="4.831" errors="0" timestamp="2025-09-09T19:22:44 IST" skipped="0">
  <testcase classname="tAbsandWindows.NewTabsSwitches" name="techlearnlogin" time="4.831"/>
</testsuite> <!-- tAbsandWindows.NewTabsSwitches -->
