<?xml version="1.0" encoding="UTF-8"?>
<!-- Generated by org.testng.reporters.JUnitReportReporter -->
<testsuite hostname="LAPTOP-QFSEE7HF" failures="0" tests="7" name="testNGframeworks.D_TestNG_TestCases_Description" time="11.188" errors="0" timestamp="2025-08-11T07:51:12 IST" skipped="0">
  <testcase classname="testNGframeworks.D_TestNG_TestCases_Description" name="test3" time="3.055"/>
  <testcase classname="testNGframeworks.D_TestNG_TestCases_Description" name="test2" time="1.839"/>
  <testcase classname="testNGframeworks.D_TestNG_TestCases_Description" name="test4" time="1.036"/>
  <testcase classname="testNGframeworks.D_TestNG_TestCases_Description" name="test5" time="1.667"/>
  <testcase classname="testNGframeworks.D_TestNG_TestCases_Description" name="test7" time="1.025"/>
  <testcase classname="testNGframeworks.D_TestNG_TestCases_Description" name="test1" time="0.873"/>
  <testcase classname="testNGframeworks.D_TestNG_TestCases_Description" name="test6" time="1.693"/>
</testsuite> <!-- testNGframeworks.D_TestNG_TestCases_Description -->
