<?xml version="1.0" encoding="UTF-8"?>
<!-- Generated by org.testng.reporters.JUnitReportReporter -->
<testsuite hostname="LAPTOP-QFSEE7HF" failures="0" tests="1" name="pagescrollDownandup.ScrollDownUp" time="1.849" errors="0" timestamp="2025-09-09T19:40:39 IST" skipped="0">
  <testcase classname="pagescrollDownandup.ScrollDownUp" name="seleniumdev" time="1.849"/>
</testsuite> <!-- pagescrollDownandup.ScrollDownUp -->
