<?xml version="1.0" encoding="UTF-8"?>
<!-- Generated by org.testng.reporters.JUnitReportReporter -->
<testsuite hostname="LAPTOP-QFSEE7HF" failures="0" tests="15" name="testNGframeworks.J_TestNG_TestCases_Groups_Execution" time="92.123" errors="0" timestamp="2025-08-26T18:26:16 IST" skipped="0">
  <testcase classname="testNGframeworks.J_TestNG_TestCases_Groups_Execution" name="facebook" time="1.834"/>
  <testcase classname="testNGframeworks.J_TestNG_TestCases_Groups_Execution" name="techlearn" time="10.964"/>
  <testcase classname="testNGframeworks.J_TestNG_TestCases_Groups_Execution" name="selenium" time="11.890"/>
  <testcase classname="testNGframeworks.J_TestNG_TestCases_Groups_Execution" name="bugzilla" time="2.143"/>
  <testcase classname="testNGframeworks.J_TestNG_TestCases_Groups_Execution" name="deepseek" time="1.535"/>
  <testcase classname="testNGframeworks.J_TestNG_TestCases_Groups_Execution" name="swiggy" time="1.500"/>
  <testcase classname="testNGframeworks.J_TestNG_TestCases_Groups_Execution" name="ndtv" time="26.629"/>
  <testcase classname="testNGframeworks.J_TestNG_TestCases_Groups_Execution" name="google" time="1.159"/>
  <testcase classname="testNGframeworks.J_TestNG_TestCases_Groups_Execution" name="zomato" time="1.690"/>
  <testcase classname="testNGframeworks.J_TestNG_TestCases_Groups_Execution" name="jira" time="4.609"/>
  <testcase classname="testNGframeworks.J_TestNG_TestCases_Groups_Execution" name="chatgpt" time="1.841"/>
  <testcase classname="testNGframeworks.J_TestNG_TestCases_Groups_Execution" name="twitter" time="4.436"/>
  <testcase classname="testNGframeworks.J_TestNG_TestCases_Groups_Execution" name="redmine" time="3.036"/>
  <testcase classname="testNGframeworks.J_TestNG_TestCases_Groups_Execution" name="yahoo" time="2.591"/>
  <testcase classname="testNGframeworks.J_TestNG_TestCases_Groups_Execution" name="seleniumlearn" time="16.266"/>
</testsuite> <!-- testNGframeworks.J_TestNG_TestCases_Groups_Execution -->
