<?xml version="1.0" encoding="UTF-8"?>
<!-- Generated by org.testng.reporters.JUnitReportReporter -->
<testsuite hostname="LAPTOP-QFSEE7HF" failures="0" tests="1" name="withOutBrowser.WoTB" time="0.007" errors="0" timestamp="2025-09-01T22:05:08 IST" skipped="0">
  <testcase classname="withOutBrowser.WoTB" name="f" time="0.007"/>
</testsuite> <!-- withOutBrowser.WoTB -->
