<?xml version="1.0" encoding="UTF-8"?>
<!-- Generated by org.testng.reporters.JUnitReportReporter -->
<testsuite hostname="LAPTOP-QFSEE7HF" failures="0" tests="1" name="testNGframeworks.F_TestNG_TestCases_Timeout" time="4.680" errors="0" timestamp="2025-08-12T08:24:22 IST" skipped="0">
  <testcase classname="testNGframeworks.F_TestNG_TestCases_Timeout" name="f" time="4.680"/>
</testsuite> <!-- testNGframeworks.F_TestNG_TestCases_Timeout -->
