<?xml version="1.0" encoding="UTF-8"?>
<!-- Generated by org.testng.reporters.JUnitReportReporter -->
<testsuite hostname="LAPTOP-QFSEE7HF" failures="0" tests="6" name="testNGframeworks.H_InvocationCount_Feature" time="20.185" errors="0" timestamp="2025-08-18T22:12:46 IST" skipped="0">
  <testcase classname="testNGframeworks.H_InvocationCount_Feature" name="method2" time="3.713"/>
  <testcase classname="testNGframeworks.H_InvocationCount_Feature" name="method2" time="3.290"/>
  <testcase classname="testNGframeworks.H_InvocationCount_Feature" name="method2" time="3.060"/>
  <testcase classname="testNGframeworks.H_InvocationCount_Feature" name="method2" time="2.512"/>
  <testcase classname="testNGframeworks.H_InvocationCount_Feature" name="method2" time="3.071"/>
  <testcase classname="testNGframeworks.H_InvocationCount_Feature" name="method1" time="4.539"/>
</testsuite> <!-- testNGframeworks.H_InvocationCount_Feature -->
