<?xml version="1.0" encoding="UTF-8"?>
<!-- Generated by org.testng.reporters.JUnitReportReporter -->
<testsuite hostname="LAPTOP-QFSEE7HF" failures="0" tests="7" name="testNGframeworks.B_TestNG_TestCases_Execution_Priority_Order" time="10.570" errors="0" timestamp="2025-08-10T19:34:36 IST" skipped="2">
  <testcase classname="testNGframeworks.B_TestNG_TestCases_Execution_Priority_Order" name="google" time="1.516"/>
  <testcase classname="testNGframeworks.B_TestNG_TestCases_Execution_Priority_Order" name="whatsapp" time="1.957"/>
  <testcase classname="testNGframeworks.B_TestNG_TestCases_Execution_Priority_Order" name="youtube" time="2.514"/>
  <testcase classname="testNGframeworks.B_TestNG_TestCases_Execution_Priority_Order" name="instagram" time="0.890"/>
  <testcase classname="testNGframeworks.B_TestNG_TestCases_Execution_Priority_Order" name="twitter" time="3.693"/>
  <testcase classname="testNGframeworks.B_TestNG_TestCases_Execution_Priority_Order" name="zomato">
    <skipped/>
  </testcase> <!-- zomato -->
  <testcase classname="testNGframeworks.B_TestNG_TestCases_Execution_Priority_Order" name="facebook">
    <skipped/>
  </testcase> <!-- facebook -->
</testsuite> <!-- testNGframeworks.B_TestNG_TestCases_Execution_Priority_Order -->
