<?xml version="1.0" encoding="UTF-8"?>
<!-- Generated by org.testng.reporters.JUnitReportReporter -->
<testsuite hostname="LAPTOP-QFSEE7HF" failures="0" tests="1" name="fileupload.UploadFile" time="5.804" errors="0" timestamp="2025-09-05T13:25:58 IST" skipped="0">
  <testcase classname="fileupload.UploadFile" name="fileattach" time="5.804"/>
</testsuite> <!-- fileupload.UploadFile -->
