<?xml version="1.0" encoding="UTF-8"?>
<!-- Generated by org.testng.reporters.JUnitReportReporter -->
<testsuite hostname="LAPTOP-QFSEE7HF" failures="0" tests="7" name="testNGframeworks.TestNG_TestCases_Execution_Priority_Order" time="11.342" errors="0" timestamp="2025-08-10T19:11:38 IST" skipped="0">
  <testcase classname="testNGframeworks.TestNG_TestCases_Execution_Priority_Order" name="google" time="1.095"/>
  <testcase classname="testNGframeworks.TestNG_TestCases_Execution_Priority_Order" name="whatsapp" time="1.270"/>
  <testcase classname="testNGframeworks.TestNG_TestCases_Execution_Priority_Order" name="facebook" time="0.907"/>
  <testcase classname="testNGframeworks.TestNG_TestCases_Execution_Priority_Order" name="youtube" time="1.744"/>
  <testcase classname="testNGframeworks.TestNG_TestCases_Execution_Priority_Order" name="instagram" time="0.850"/>
  <testcase classname="testNGframeworks.TestNG_TestCases_Execution_Priority_Order" name="twitter" time="3.161"/>
  <testcase classname="testNGframeworks.TestNG_TestCases_Execution_Priority_Order" name="zomato" time="2.315"/>
</testsuite> <!-- testNGframeworks.TestNG_TestCases_Execution_Priority_Order -->
