<?xml version="1.0" encoding="UTF-8"?>
<!-- Generated by org.testng.reporters.JUnitReportReporter -->
<testsuite hostname="LAPTOP-QFSEE7HF" failures="0" tests="7" name="testNGframeworks.TestNG_TestCases_Execution_Alphabatical_Order" time="16.902" errors="0" timestamp="2025-08-09T14:38:32 IST" skipped="0">
  <testcase classname="testNGframeworks.TestNG_TestCases_Execution_Alphabatical_Order" name="zomato" time="2.365"/>
  <testcase classname="testNGframeworks.TestNG_TestCases_Execution_Alphabatical_Order" name="twitter" time="4.997"/>
  <testcase classname="testNGframeworks.TestNG_TestCases_Execution_Alphabatical_Order" name="google" time="2.092"/>
  <testcase classname="testNGframeworks.TestNG_TestCases_Execution_Alphabatical_Order" name="whatsapp" time="1.790"/>
  <testcase classname="testNGframeworks.TestNG_TestCases_Execution_Alphabatical_Order" name="facebook" time="1.872"/>
  <testcase classname="testNGframeworks.TestNG_TestCases_Execution_Alphabatical_Order" name="youtube" time="2.405"/>
  <testcase classname="testNGframeworks.TestNG_TestCases_Execution_Alphabatical_Order" name="instagram" time="1.381"/>
</testsuite> <!-- testNGframeworks.TestNG_TestCases_Execution_Alphabatical_Order -->
