<?xml version="1.0" encoding="UTF-8"?>
<!-- Generated by org.testng.reporters.JUnitReportReporter -->
<testsuite hostname="LAPTOP-QFSEE7HF" failures="0" tests="7" name="testNGframeworks.C_TestNG_TestCases_Skip_Ignored_Disabled" time="11.287" errors="0" timestamp="2025-08-11T06:58:20 IST" skipped="0">
  <testcase classname="testNGframeworks.C_TestNG_TestCases_Skip_Ignored_Disabled" name="zomato" time="2.552"/>
  <testcase classname="testNGframeworks.C_TestNG_TestCases_Skip_Ignored_Disabled" name="twitter" time="2.866"/>
  <testcase classname="testNGframeworks.C_TestNG_TestCases_Skip_Ignored_Disabled" name="google" time="0.656"/>
  <testcase classname="testNGframeworks.C_TestNG_TestCases_Skip_Ignored_Disabled" name="whatsapp" time="0.945"/>
  <testcase classname="testNGframeworks.C_TestNG_TestCases_Skip_Ignored_Disabled" name="facebook" time="1.161"/>
  <testcase classname="testNGframeworks.C_TestNG_TestCases_Skip_Ignored_Disabled" name="youtube" time="1.984"/>
  <testcase classname="testNGframeworks.C_TestNG_TestCases_Skip_Ignored_Disabled" name="instagram" time="1.123"/>
</testsuite> <!-- testNGframeworks.C_TestNG_TestCases_Skip_Ignored_Disabled -->
