<?xml version="1.0" encoding="UTF-8"?>
<!-- Generated by org.testng.reporters.JUnitReportReporter -->
<testsuite hostname="LAPTOP-QFSEE7HF" failures="0" tests="2" name="testNGframeworks.E_TestNG_TestCases_Depends_On_Methods" time="12.392" errors="0" timestamp="2025-08-12T08:10:04 IST" skipped="0">
  <testcase classname="testNGframeworks.E_TestNG_TestCases_Depends_On_Methods" name="method2" time="6.174"/>
  <testcase classname="testNGframeworks.E_TestNG_TestCases_Depends_On_Methods" name="method1" time="6.218"/>
</testsuite> <!-- testNGframeworks.E_TestNG_TestCases_Depends_On_Methods -->
